<?xml version="1.0" encoding="UTF-8"?>
<testsuite name="util.LinkedListTest" tests="4" skipped="0" failures="0" errors="0" timestamp="2023-04-12T02:18:43" hostname="WINNIETHEPOOH" time="0.031">
  <properties/>
  <testcase name="test_null_1()" classname="util.LinkedListTest" time="0.027"/>
  <testcase name="test_null_2()" classname="util.LinkedListTest" time="0.001"/>
  <testcase name="test_not_null_1()" classname="util.LinkedListTest" time="0.0"/>
  <testcase name="test_not_null_2()" classname="util.LinkedListTest" time="0.0"/>
  <system-out><![CDATA[]]></system-out>
  <system-err><![CDATA[]]></system-err>
</testsuite>
